<?xml version="1.0" encoding="UTF-8"?>
<testng-results ignored="0" total="2" passed="2" failed="0" skipped="0">
  <reporter-output>
    <line>
      <![CDATA[Success]]>
    </line>
  </reporter-output>
  <suite started-at="2025-04-29T17:44:00 IST" name="Default suite" finished-at="2025-04-29T17:44:28 IST" duration-ms="28348">
    <groups>
      <group name="cucumber">
        <method signature="AbstractTestNGCucumberTests.runScenario(io.cucumber.testng.PickleWrapper,io.cucumber.testng.FeatureWrapper)[pri:0, instance:com.features.automationex.TestRunner@221a3fa4]" name="runScenario" class="io.cucumber.testng.AbstractTestNGCucumberTests"/>
      </group> <!-- cucumber -->
    </groups>
    <test started-at="2025-04-29T17:44:00 IST" name="Default test" finished-at="2025-04-29T17:44:28 IST" duration-ms="28348">
      <class name="com.features.automationex.TestRunner">
        <test-method is-config="true" signature="setUpClass()[pri:0, instance:com.features.automationex.TestRunner@221a3fa4]" started-at="2025-04-29T17:44:00 IST" name="setUpClass" finished-at="2025-04-29T17:44:00 IST" duration-ms="320" status="PASS">
          <reporter-output>
          </reporter-output>
        </test-method> <!-- setUpClass -->
        <test-method signature="runScenario(io.cucumber.testng.PickleWrapper,io.cucumber.testng.FeatureWrapper)[pri:0, instance:com.features.automationex.TestRunner@221a3fa4]" started-at="2025-04-29T17:44:00 IST" name="runScenario" description="Runs Cucumber Scenarios" data-provider="scenarios" finished-at="2025-04-29T17:44:14 IST" duration-ms="14152" status="PASS">
          <params>
            <param index="0">
              <value>
                <![CDATA["Login in Automation exercise using valid credentials"]]>
              </value>
            </param>
            <param index="1">
              <value>
                <![CDATA["Optional[Login feature of Automation Exercise]"]]>
              </value>
            </param>
          </params>
          <reporter-output>
            <line>
              <![CDATA[Success]]>
            </line>
          </reporter-output>
        </test-method> <!-- runScenario -->
        <test-method signature="runScenario(io.cucumber.testng.PickleWrapper,io.cucumber.testng.FeatureWrapper)[pri:0, instance:com.features.automationex.TestRunner@221a3fa4]" started-at="2025-04-29T17:44:14 IST" name="runScenario" description="Runs Cucumber Scenarios" data-provider="scenarios" finished-at="2025-04-29T17:44:28 IST" duration-ms="13801" status="PASS">
          <params>
            <param index="0">
              <value>
                <![CDATA["Login in Automation exercise using invalid credentials"]]>
              </value>
            </param>
            <param index="1">
              <value>
                <![CDATA["Optional[Login feature of Automation Exercise]"]]>
              </value>
            </param>
          </params>
          <reporter-output>
          </reporter-output>
        </test-method> <!-- runScenario -->
        <test-method is-config="true" signature="tearDownClass()[pri:0, instance:com.features.automationex.TestRunner@221a3fa4]" started-at="2025-04-29T17:44:28 IST" name="tearDownClass" finished-at="2025-04-29T17:44:28 IST" duration-ms="9" status="PASS">
          <reporter-output>
          </reporter-output>
        </test-method> <!-- tearDownClass -->
      </class> <!-- com.features.automationex.TestRunner -->
    </test> <!-- Default test -->
  </suite> <!-- Default suite -->
</testng-results>
