<?xml version="1.0" encoding="UTF-8"?>
<testng-results ignored="0" total="1" passed="1" failed="0" skipped="0">
  <reporter-output>
  </reporter-output>
  <suite started-at="2025-04-29T09:38:00 IST" name="Default suite" finished-at="2025-04-29T09:38:01 IST" duration-ms="570">
    <groups>
      <group name="cucumber">
        <method signature="AbstractTestNGCucumberTests.runScenario(io.cucumber.testng.PickleWrapper,io.cucumber.testng.FeatureWrapper)[pri:0, instance:suite.NewTest@7ce69770]" name="runScenario" class="io.cucumber.testng.AbstractTestNGCucumberTests"/>
      </group> <!-- cucumber -->
    </groups>
    <test started-at="2025-04-29T09:38:00 IST" name="Default test" finished-at="2025-04-29T09:38:01 IST" duration-ms="570">
      <class name="suite.NewTest">
        <test-method is-config="true" signature="setUpClass()[pri:0, instance:suite.NewTest@7ce69770]" started-at="2025-04-29T09:38:00 IST" name="setUpClass" finished-at="2025-04-29T09:38:01 IST" duration-ms="328" status="PASS">
          <reporter-output>
          </reporter-output>
        </test-method> <!-- setUpClass -->
        <test-method signature="runScenario(io.cucumber.testng.PickleWrapper,io.cucumber.testng.FeatureWrapper)[pri:0, instance:suite.NewTest@7ce69770]" started-at="2025-04-29T09:38:01 IST" name="runScenario" description="Runs Cucumber Scenarios" data-provider="scenarios" finished-at="2025-04-29T09:38:01 IST" duration-ms="171" status="PASS">
          <params>
            <param index="0">
              <value>
                <![CDATA["Login in AwesomeQA using valid credentials"]]>
              </value>
            </param>
            <param index="1">
              <value>
                <![CDATA["Optional[Login feature of AwesomeQA application]"]]>
              </value>
            </param>
          </params>
          <reporter-output>
          </reporter-output>
        </test-method> <!-- runScenario -->
        <test-method is-config="true" signature="tearDownClass()[pri:0, instance:suite.NewTest@7ce69770]" started-at="2025-04-29T09:38:01 IST" name="tearDownClass" finished-at="2025-04-29T09:38:01 IST" duration-ms="11" status="PASS">
          <reporter-output>
          </reporter-output>
        </test-method> <!-- tearDownClass -->
      </class> <!-- suite.NewTest -->
    </test> <!-- Default test -->
  </suite> <!-- Default suite -->
</testng-results>
