<?xml version="1.0" encoding="UTF-8"?>
<testng-results ignored="0" total="2" passed="2" failed="0" skipped="0">
  <reporter-output>
  </reporter-output>
  <suite started-at="2025-04-30T10:29:57 IST" name="Default suite" finished-at="2025-04-30T10:30:16 IST" duration-ms="18604">
    <groups>
      <group name="cucumber">
        <method signature="AbstractTestNGCucumberTests.runScenario(io.cucumber.testng.PickleWrapper,io.cucumber.testng.FeatureWrapper)[pri:0, instance:registerscripts.TestRunner@221a3fa4]" name="runScenario" class="io.cucumber.testng.AbstractTestNGCucumberTests"/>
      </group> <!-- cucumber -->
    </groups>
    <test started-at="2025-04-30T10:29:57 IST" name="Default test" finished-at="2025-04-30T10:30:16 IST" duration-ms="18604">
      <class name="registerscripts.TestRunner">
        <test-method is-config="true" signature="setUpClass()[pri:0, instance:registerscripts.TestRunner@221a3fa4]" started-at="2025-04-30T10:29:57 IST" name="setUpClass" finished-at="2025-04-30T10:29:57 IST" duration-ms="365" status="PASS">
          <reporter-output>
          </reporter-output>
        </test-method> <!-- setUpClass -->
        <test-method signature="runScenario(io.cucumber.testng.PickleWrapper,io.cucumber.testng.FeatureWrapper)[pri:0, instance:registerscripts.TestRunner@221a3fa4]" started-at="2025-04-30T10:29:57 IST" name="runScenario" description="Runs Cucumber Scenarios" data-provider="scenarios" finished-at="2025-04-30T10:30:07 IST" duration-ms="9257" status="PASS">
          <params>
            <param index="0">
              <value>
                <![CDATA["Register in Automtion Exercise application"]]>
              </value>
            </param>
            <param index="1">
              <value>
                <![CDATA["Optional[Register feature in Automtion Exercise application]"]]>
              </value>
            </param>
          </params>
          <reporter-output>
          </reporter-output>
        </test-method> <!-- runScenario -->
        <test-method signature="runScenario(io.cucumber.testng.PickleWrapper,io.cucumber.testng.FeatureWrapper)[pri:0, instance:registerscripts.TestRunner@221a3fa4]" started-at="2025-04-30T10:30:07 IST" name="runScenario" description="Runs Cucumber Scenarios" data-provider="scenarios" finished-at="2025-04-30T10:30:16 IST" duration-ms="8910" status="PASS">
          <params>
            <param index="0">
              <value>
                <![CDATA["Register in Automtion Exercise application"]]>
              </value>
            </param>
            <param index="1">
              <value>
                <![CDATA["Optional[Register feature in Automtion Exercise application]"]]>
              </value>
            </param>
          </params>
          <reporter-output>
          </reporter-output>
        </test-method> <!-- runScenario -->
        <test-method is-config="true" signature="tearDownClass()[pri:0, instance:registerscripts.TestRunner@221a3fa4]" started-at="2025-04-30T10:30:16 IST" name="tearDownClass" finished-at="2025-04-30T10:30:16 IST" duration-ms="10" status="PASS">
          <reporter-output>
          </reporter-output>
        </test-method> <!-- tearDownClass -->
      </class> <!-- registerscripts.TestRunner -->
    </test> <!-- Default test -->
  </suite> <!-- Default suite -->
</testng-results>
