<?xml version="1.0" encoding="UTF-8"?>
<!-- Generated by org.testng.reporters.JUnitXMLReporter -->
<testsuite ignored="0" hostname="WKSPUN05GTR0521" failures="0" tests="8" name="Default test" time="9.308" errors="0" timestamp="2025-05-06T17:12:14 IST">
  <testcase classname="restdemo.RestTest" name="status_code" time="3.052"/>
  <testcase classname="restdemo.RestTest" name="status_Line" time="1.197"/>
  <testcase classname="restdemo.RestTest" name="status_body" time="1.122"/>
  <testcase classname="restdemo.RestTest" name="status_content" time="1.098"/>
  <testcase classname="restdemo.RestTest" name="session_id" time="1.225"/>
  <testcase classname="restdemo.RestTest" name="post_request" time="0.497"/>
  <testcase classname="restdemo.RestTest" name="post_statusLine" time="0.661"/>
  <testcase classname="restdemo.RestTest" name="GitHub" time="0.375"/>
</testsuite> <!-- Default test -->
