<?xml version="1.0" encoding="UTF-8"?>
<testng-results ignored="0" total="1" passed="1" failed="0" skipped="0">
  <reporter-output>
  </reporter-output>
  <suite started-at="2025-04-30T16:48:20 IST" name="Default suite" finished-at="2025-04-30T16:48:34 IST" duration-ms="13473">
    <groups>
      <group name="cucumber">
        <method signature="AbstractTestNGCucumberTests.runScenario(io.cucumber.testng.PickleWrapper,io.cucumber.testng.FeatureWrapper)[pri:0, instance:mircrosoftTests.TestRunner@59402b8f]" name="runScenario" class="io.cucumber.testng.AbstractTestNGCucumberTests"/>
      </group> <!-- cucumber -->
    </groups>
    <test started-at="2025-04-30T16:48:20 IST" name="Default test" finished-at="2025-04-30T16:48:34 IST" duration-ms="13473">
      <class name="mircrosoftTests.TestRunner">
        <test-method is-config="true" signature="setUpClass()[pri:0, instance:mircrosoftTests.TestRunner@59402b8f]" started-at="2025-04-30T16:48:20 IST" name="setUpClass" finished-at="2025-04-30T16:48:21 IST" duration-ms="312" status="PASS">
          <reporter-output>
          </reporter-output>
        </test-method> <!-- setUpClass -->
        <test-method signature="runScenario(io.cucumber.testng.PickleWrapper,io.cucumber.testng.FeatureWrapper)[pri:0, instance:mircrosoftTests.TestRunner@59402b8f]" started-at="2025-04-30T16:48:21 IST" name="runScenario" description="Runs Cucumber Scenarios" data-provider="scenarios" finished-at="2025-04-30T16:48:34 IST" duration-ms="13098" status="PASS">
          <params>
            <param index="0">
              <value>
                <![CDATA["Web scraping"]]>
              </value>
            </param>
            <param index="1">
              <value>
                <![CDATA["Optional[Web scraping of text]"]]>
              </value>
            </param>
          </params>
          <reporter-output>
          </reporter-output>
        </test-method> <!-- runScenario -->
        <test-method is-config="true" signature="tearDownClass()[pri:0, instance:mircrosoftTests.TestRunner@59402b8f]" started-at="2025-04-30T16:48:34 IST" name="tearDownClass" finished-at="2025-04-30T16:48:34 IST" duration-ms="11" status="PASS">
          <reporter-output>
          </reporter-output>
        </test-method> <!-- tearDownClass -->
      </class> <!-- mircrosoftTests.TestRunner -->
    </test> <!-- Default test -->
  </suite> <!-- Default suite -->
</testng-results>
